Determining if the pthread_create exist failed with the following output:
Change Dir: /home/parallels/workspace/myrobot/build/CMakeFiles/CMakeTmp

Run Build Command:"/usr/bin/make" "cmTC_89361/fast"
/usr/bin/make -f CMakeFiles/cmTC_89361.dir/build.make CMakeFiles/cmTC_89361.dir/build
make[1]: Entering directory '/home/parallels/workspace/myrobot/build/CMakeFiles/CMakeTmp'
Building C object CMakeFiles/cmTC_89361.dir/CheckSymbolExists.c.o
/usr/bin/cc     -o CMakeFiles/cmTC_89361.dir/CheckSymbolExists.c.o   -c /home/parallels/workspace/myrobot/build/CMakeFiles/CMakeTmp/CheckSymbolExists.c
Linking C executable cmTC_89361
/usr/bin/cmake -E cmake_link_script CMakeFiles/cmTC_89361.dir/link.txt --verbose=1
/usr/bin/cc       CMakeFiles/cmTC_89361.dir/CheckSymbolExists.c.o  -o cmTC_89361 -rdynamic 
CMakeFiles/cmTC_89361.dir/CheckSymbolExists.c.o: In function `main':
CheckSymbolExists.c:(.text+0x16): undefined reference to `pthread_create'
collect2: error: ld returned 1 exit status
CMakeFiles/cmTC_89361.dir/build.make:97: recipe for target 'cmTC_89361' failed
make[1]: *** [cmTC_89361] Error 1
make[1]: Leaving directory '/home/parallels/workspace/myrobot/build/CMakeFiles/CMakeTmp'
Makefile:126: recipe for target 'cmTC_89361/fast' failed
make: *** [cmTC_89361/fast] Error 2

File /home/parallels/workspace/myrobot/build/CMakeFiles/CMakeTmp/CheckSymbolExists.c:
/* */
#include <pthread.h>

int main(int argc, char** argv)
{
  (void)argv;
#ifndef pthread_create
  return ((int*)(&pthread_create))[argc];
#else
  (void)argc;
  return 0;
#endif
}

Determining if the function pthread_create exists in the pthreads failed with the following output:
Change Dir: /home/parallels/workspace/myrobot/build/CMakeFiles/CMakeTmp

Run Build Command:"/usr/bin/make" "cmTC_571fd/fast"
/usr/bin/make -f CMakeFiles/cmTC_571fd.dir/build.make CMakeFiles/cmTC_571fd.dir/build
make[1]: Entering directory '/home/parallels/workspace/myrobot/build/CMakeFiles/CMakeTmp'
Building C object CMakeFiles/cmTC_571fd.dir/CheckFunctionExists.c.o
/usr/bin/cc    -DCHECK_FUNCTION_EXISTS=pthread_create   -o CMakeFiles/cmTC_571fd.dir/CheckFunctionExists.c.o   -c /usr/share/cmake-3.5/Modules/CheckFunctionExists.c
Linking C executable cmTC_571fd
/usr/bin/cmake -E cmake_link_script CMakeFiles/cmTC_571fd.dir/link.txt --verbose=1
/usr/bin/cc   -DCHECK_FUNCTION_EXISTS=pthread_create    CMakeFiles/cmTC_571fd.dir/CheckFunctionExists.c.o  -o cmTC_571fd -rdynamic -lpthreads 
/usr/bin/ld: cannot find -lpthreads
collect2: error: ld returned 1 exit status
CMakeFiles/cmTC_571fd.dir/build.make:97: recipe for target 'cmTC_571fd' failed
make[1]: *** [cmTC_571fd] Error 1
make[1]: Leaving directory '/home/parallels/workspace/myrobot/build/CMakeFiles/CMakeTmp'
Makefile:126: recipe for target 'cmTC_571fd/fast' failed
make: *** [cmTC_571fd/fast] Error 2


