Determining if the pthread_create exist failed with the following output:
Change Dir: /home/nvidia/udacity_robotics_software_engineering/project3/workspace/catkin_ws/build/CMakeFiles/CMakeTmp

Run Build Command:"/usr/bin/make" "cmTC_455ba/fast"
/usr/bin/make -f CMakeFiles/cmTC_455ba.dir/build.make CMakeFiles/cmTC_455ba.dir/build
make[1]: Entering directory '/home/nvidia/udacity_robotics_software_engineering/project3/workspace/catkin_ws/build/CMakeFiles/CMakeTmp'
Building C object CMakeFiles/cmTC_455ba.dir/CheckSymbolExists.c.o
/usr/bin/cc     -o CMakeFiles/cmTC_455ba.dir/CheckSymbolExists.c.o   -c /home/nvidia/udacity_robotics_software_engineering/project3/workspace/catkin_ws/build/CMakeFiles/CMakeTmp/CheckSymbolExists.c
Linking C executable cmTC_455ba
/usr/bin/cmake -E cmake_link_script CMakeFiles/cmTC_455ba.dir/link.txt --verbose=1
/usr/bin/cc       CMakeFiles/cmTC_455ba.dir/CheckSymbolExists.c.o  -o cmTC_455ba -rdynamic 
CMakeFiles/cmTC_455ba.dir/CheckSymbolExists.c.o: In function `main':
CheckSymbolExists.c:(.text+0x14): undefined reference to `pthread_create'
CheckSymbolExists.c:(.text+0x18): undefined reference to `pthread_create'
collect2: error: ld returned 1 exit status
CMakeFiles/cmTC_455ba.dir/build.make:97: recipe for target 'cmTC_455ba' failed
make[1]: *** [cmTC_455ba] Error 1
make[1]: Leaving directory '/home/nvidia/udacity_robotics_software_engineering/project3/workspace/catkin_ws/build/CMakeFiles/CMakeTmp'
Makefile:126: recipe for target 'cmTC_455ba/fast' failed
make: *** [cmTC_455ba/fast] Error 2

File /home/nvidia/udacity_robotics_software_engineering/project3/workspace/catkin_ws/build/CMakeFiles/CMakeTmp/CheckSymbolExists.c:
/* */
#include <pthread.h>

int main(int argc, char** argv)
{
  (void)argv;
#ifndef pthread_create
  return ((int*)(&pthread_create))[argc];
#else
  (void)argc;
  return 0;
#endif
}

Determining if the function pthread_create exists in the pthreads failed with the following output:
Change Dir: /home/nvidia/udacity_robotics_software_engineering/project3/workspace/catkin_ws/build/CMakeFiles/CMakeTmp

Run Build Command:"/usr/bin/make" "cmTC_be03c/fast"
/usr/bin/make -f CMakeFiles/cmTC_be03c.dir/build.make CMakeFiles/cmTC_be03c.dir/build
make[1]: Entering directory '/home/nvidia/udacity_robotics_software_engineering/project3/workspace/catkin_ws/build/CMakeFiles/CMakeTmp'
Building C object CMakeFiles/cmTC_be03c.dir/CheckFunctionExists.c.o
/usr/bin/cc    -DCHECK_FUNCTION_EXISTS=pthread_create   -o CMakeFiles/cmTC_be03c.dir/CheckFunctionExists.c.o   -c /usr/share/cmake-3.5/Modules/CheckFunctionExists.c
Linking C executable cmTC_be03c
/usr/bin/cmake -E cmake_link_script CMakeFiles/cmTC_be03c.dir/link.txt --verbose=1
/usr/bin/cc   -DCHECK_FUNCTION_EXISTS=pthread_create    CMakeFiles/cmTC_be03c.dir/CheckFunctionExists.c.o  -o cmTC_be03c -rdynamic -lpthreads 
/usr/bin/ld: cannot find -lpthreads
collect2: error: ld returned 1 exit status
CMakeFiles/cmTC_be03c.dir/build.make:97: recipe for target 'cmTC_be03c' failed
make[1]: *** [cmTC_be03c] Error 1
make[1]: Leaving directory '/home/nvidia/udacity_robotics_software_engineering/project3/workspace/catkin_ws/build/CMakeFiles/CMakeTmp'
Makefile:126: recipe for target 'cmTC_be03c/fast' failed
make: *** [cmTC_be03c/fast] Error 2


